<?xml version="1.0" encoding="UTF-8"?>
<testng-results ignored="0" total="1" passed="1" failed="0" skipped="0">
  <reporter-output>
  </reporter-output>
  <suite started-at="2025-06-30T18:28:16 IST" name="Invoice Validation Suite" finished-at="2025-06-30T18:28:18 IST" duration-ms="1898">
    <groups>
    </groups>
    <test started-at="2025-06-30T18:28:16 IST" name="Invoice Data Check" finished-at="2025-06-30T18:28:18 IST" duration-ms="1898">
      <class name="validator.InvoiceValidationTest">
        <test-method signature="validateInvoice(java.lang.String)[pri:0, instance:validator.InvoiceValidationTest@5bf0d49]" started-at="2025-06-30T18:28:18 IST" name="validateInvoice" data-provider="invoiceData" finished-at="2025-06-30T18:28:18 IST" duration-ms="27" status="PASS">
          <params>
            <param index="0">
              <value>
                <![CDATA[run]]>
              </value>
            </param>
          </params>
          <reporter-output>
          </reporter-output>
        </test-method> <!-- validateInvoice -->
        <test-method is-config="true" signature="afterSuite()[pri:0, instance:validator.InvoiceValidationTest@5bf0d49]" started-at="2025-06-30T18:28:18 IST" name="afterSuite" finished-at="2025-06-30T18:28:18 IST" duration-ms="5" status="PASS">
          <reporter-output>
          </reporter-output>
        </test-method> <!-- afterSuite -->
      </class> <!-- validator.InvoiceValidationTest -->
    </test> <!-- Invoice Data Check -->
  </suite> <!-- Invoice Validation Suite -->
</testng-results>
